<?xml version="1.0" encoding="UTF-8"?>
<!-- Generated by org.testng.reporters.JUnitReportReporter -->
<testsuite hostname="PC_Chakroun" failures="0" tests="1" name="testCases.ExecuteTestZaleniumFirefox1" time="18.258" errors="0" timestamp="23 mai 2024 19:48:49 GMT" skipped="0">
  <testcase classname="testCases.ExecuteTestZaleniumFirefox1" name="test1" time="18.258"/>
</testsuite> <!-- testCases.ExecuteTestZaleniumFirefox1 -->
