<?xml version="1.0" encoding="UTF-8"?>
<!-- Generated by org.testng.reporters.JUnitReportReporter -->
<testsuite hostname="PC_Chakroun" failures="0" tests="1" name="testCases.ExecuteTestZaleniumFirefox2" time="19.912" errors="0" timestamp="23 mai 2024 19:48:49 GMT" skipped="0">
  <testcase classname="testCases.ExecuteTestZaleniumFirefox2" name="test2" time="19.912"/>
</testsuite> <!-- testCases.ExecuteTestZaleniumFirefox2 -->
